This is pdfTeX, Version 3.14159265-2.6-1.40.17 (TeX Live 2016) (preloaded format=pdflatex 2017.4.9)  8 AUG 2017 02:21
entering extended mode
 restricted \write18 enabled.
 %&-line parsing enabled.
**dissertation.tex
(./dissertation.tex
LaTeX2e <2016/03/31>
Babel <3.9r> and hyphenation patterns for 83 language(s) loaded.
(./ppgccufmg.cls
Document Class: ppgccufmg 2012/09/17 v1.51 Classe para dissertacoes, teses e pr
opostas de tese no formato PPGCC/ICEx/UFMG
(/usr/local/texlive/2016/texmf-dist/tex/latex/graphics/keyval.sty
Package: keyval 2014/10/28 v1.15 key=value parser (DPC)
\KV@toks@=\toks14
)
(/usr/local/texlive/2016/texmf-dist/tex/latex/setspace/setspace.sty
Package: setspace 2011/12/19 v6.7a set line spacing
)
(/usr/local/texlive/2016/texmf-dist/tex/latex/textpos/textpos.sty
Package: textpos 2014/01/03 v1.7j

Package: textpos 2014/01/03 1.7j, absolute positioning of text on the page
\TP@textbox=\box26
\TPHorizModule=\dimen102
\TPVertModule=\dimen103
\TP@margin=\dimen104
\TP@absmargin=\dimen105
Grid set 16 x 16 = 0.0pt x 0.0pt
\TPboxrulesize=\dimen106
\TP@tbargs=\toks15
\TP@prevdepth=\dimen107
) (/usr/local/texlive/2016/texmf-dist/tex/latex/etextools/etextools.sty
Package: etextools 2010/12/07 v3.1415926 e-TeX more useful tools for LaTeX pack
age writers

(/usr/local/texlive/2016/texmf-dist/tex/latex/etex-pkg/etex.sty
Package: etex 2016/01/11 v2.6 eTeX basic definition package (PEB,DPC)
\et@xins=\count79
)
(/usr/local/texlive/2016/texmf-dist/tex/latex/etoolbox/etoolbox.sty
Package: etoolbox 2015/08/02 v2.2a e-TeX tools for LaTeX (JAW)
\etb@tempcnta=\count80
)
(/usr/local/texlive/2016/texmf-dist/tex/latex/oberdiek/letltxmacro.sty
Package: letltxmacro 2016/05/16 v1.5 Let assignment for LaTeX macros (HO)
)
\ettl@fter=\count81
\ettl@for@nested=\count277
)
\ppgcc@approvalwidth=\skip41
\ppgcc@approvalvertadjust=\skip42

(/usr/local/texlive/2016/texmf-dist/tex/latex/memoir/memoir.cls
Document Class: memoir 2016/05/16 v3.7f configurable book, report, article docu
ment class
\onelineskip=\skip43
\lxvchars=\skip44
\xlvchars=\skip45
\@memcnta=\count82
\c@@memmarkcntra=\count83
(/usr/local/texlive/2016/texmf-dist/tex/generic/oberdiek/ifpdf.sty
Package: ifpdf 2016/05/14 v3.1 Provides the ifpdf switch
)
(/usr/local/texlive/2016/texmf-dist/tex/latex/ifetex/ifetex.sty
Package: ifetex 2011/12/15 v1.2 ifetex

(/usr/local/texlive/2016/texmf-dist/tex/plain/ifetex/ifetex.tex))
(/usr/local/texlive/2016/texmf-dist/tex/generic/ifxetex/ifxetex.sty
Package: ifxetex 2010/09/12 v0.6 Provides ifxetex conditional
)
(/usr/local/texlive/2016/texmf-dist/tex/generic/oberdiek/ifluatex.sty
Package: ifluatex 2016/05/16 v1.4 Provides the ifluatex switch (HO)
Package ifluatex Info: LuaTeX not detected.
)
\stockheight=\skip46
\stockwidth=\skip47
\trimtop=\skip48
\trimedge=\skip49

(/usr/local/texlive/2016/texmf-dist/tex/latex/memoir/mem12.clo
File: mem12.clo 2010/10/19 v0.4b memoir class 12pt size option
)
\binding=\skip50
\spinemargin=\skip51
\foremargin=\skip52
\uppermargin=\skip53
\lowermargin=\skip54
\headdrop=\skip55
\normalrulethickness=\skip56
\mem@maxheadheight=\skip57
\mem@maxfootheight=\skip58
\headwidth=\skip59
\c@storedpagenumber=\count84
\memPD=\dimen108
\m@mabparskip=\skip60
\thanksmarkwidth=\skip61
\thanksmarksep=\skip62
\droptitle=\skip63
\c@book=\count85
\c@part=\count86
\c@chapter=\count87
\c@section=\count88
\c@subsection=\count89
\c@subsubsection=\count90
\c@paragraph=\count91
\c@subparagraph=\count92
\beforechapskip=\skip64
\midchapskip=\skip65
\afterchapskip=\skip66
\chapindent=\skip67
\bottomsectionskip=\skip68
\secindent=\skip69
\beforesecskip=\skip70
\aftersecskip=\skip71
\subsecindent=\skip72
\beforesubsecskip=\skip73
\aftersubsecskip=\skip74
\subsubsecindent=\skip75
\beforesubsubsecskip=\skip76
\aftersubsubsecskip=\skip77
\paraindent=\skip78
\beforeparaskip=\skip79
\afterparaskip=\skip80
\subparaindent=\skip81
\beforesubparaskip=\skip82
\aftersubparaskip=\skip83
\pfbreakskip=\skip84
\c@@ppsavesec=\count93
\c@@ppsaveapp=\count94
\ragrparindent=\dimen109
\everylistparindent=\dimen110
\parsepi=\skip85
\topsepi=\skip86
\itemsepi=\skip87
\parsepii=\skip88
\topsepii=\skip89
\topsepiii=\skip90
\itemsepii=\skip91
\itemsepiii=\skip92
\partopsepii=\skip93
\partopsepiii=\skip94
\m@msavetopsep=\skip95
\m@msavepartopsep=\skip96
\@enLab=\toks16
\abstitleskip=\skip97
\absleftindent=\skip98
\abs@leftindent=\dimen111
\absrightindent=\skip99
\absparindent=\skip100
\absparsep=\skip101
\c@vslineno=\count95
\c@poemline=\count96
\c@modulo@vs=\count97
\c@memfvsline=\count98
\vleftskip=\skip102
\vrightskip=\skip103
\stanzaskip=\skip104
\versewidth=\skip105
\vgap=\skip106
\vindent=\skip107
\vleftmargin=\dimen112
\c@verse=\count99
\c@chrsinstr=\count100
\beforepoemtitleskip=\skip108
\afterpoemtitleskip=\skip109
\c@poem=\count101
\beforePoemTitleskip=\skip110
\midPoemTitleskip=\skip111
\afterPoemTitleskip=\skip112
\col@sep=\dimen113
\extrarowheight=\dimen114
\NC@list=\toks17
\extratabsurround=\skip113
\backup@length=\skip114
\TX@col@width=\dimen115
\TX@old@table=\dimen116
\TX@old@col=\dimen117
\TX@target=\dimen118
\TX@delta=\dimen119
\TX@cols=\count102
\TX@ftn=\toks18
\heavyrulewidth=\dimen120
\lightrulewidth=\dimen121
\cmidrulewidth=\dimen122
\belowrulesep=\dimen123
\belowbottomsep=\dimen124
\aboverulesep=\dimen125
\abovetopsep=\dimen126
\cmidrulesep=\dimen127
\cmidrulekern=\dimen128
\defaultaddspace=\dimen129
\@cmidla=\count103
\@cmidlb=\count104
\@aboverulesep=\dimen130
\@belowrulesep=\dimen131
\@thisruleclass=\count105
\@lastruleclass=\count106
\@thisrulewidth=\dimen132
\ctableftskip=\skip115
\ctabrightskip=\skip116
\abovecolumnspenalty=\count107
\@linestogo=\count108
\@cellstogo=\count109
\@cellsincolumn=\count110
\crtok=\toks19
\@mincolumnwidth=\dimen133
\c@newflo@tctr=\count111
\mem@margin@floatbox=\box27
\@contcwidth=\skip117
\@contindw=\skip118
\abovecaptionskip=\skip119
\belowcaptionskip=\skip120
\subfloattopskip=\skip121
\subfloatcapskip=\skip122
\subfloatcaptopadj=\skip123
\subfloatbottomskip=\skip124
\subfloatlabelskip=\skip125
\subfloatcapmargin=\dimen134
\c@@contsubnum=\count112
\m@mscap@capbox=\box28
\m@mscap@fbox=\box29
\sidecapsep=\dimen135
\sidecapwidth=\dimen136
\m@m@tempdima=\dimen137
\m@mscapraise=\dimen138
\sidecapraise=\dimen139
\m@mscapmainwidth=\dimen140
\m@mscaplkern=\dimen141
\beforeepigraphskip=\skip126
\afterepigraphskip=\skip127
\epigraphwidth=\skip128
\epigraphrule=\skip129
LaTeX Info: Redefining \em on input line 7551.
LaTeX Info: Redefining \emph on input line 7559.
\tocentryskip=\skip130
\tocbaseline=\skip131
\cftparskip=\skip132
\cftbeforebookskip=\skip133
\cftbookindent=\dimen142
\cftbooknumwidth=\dimen143
\cftbeforepartskip=\skip134
\cftpartindent=\skip135
\cftpartnumwidth=\skip136
\cftbeforechapterskip=\skip137
\cftchapterindent=\skip138
\cftchapternumwidth=\skip139
\cftbeforesectionskip=\skip140
\cftsectionindent=\skip141
\cftsectionnumwidth=\skip142
\cftbeforesubsectionskip=\skip143
\cftsubsectionindent=\skip144
\cftsubsectionnumwidth=\skip145
\cftbeforesubsubsectionskip=\skip146
\cftsubsubsectionindent=\skip147
\cftsubsubsectionnumwidth=\skip148
\cftbeforeparagraphskip=\skip149
\cftparagraphindent=\skip150
\cftparagraphnumwidth=\skip151
\cftbeforesubparagraphskip=\skip152
\cftsubparagraphindent=\skip153
\cftsubparagraphnumwidth=\skip154
\prechapterprecisshift=\dimen144
\c@maxsecnumdepth=\count113
\bibindent=\dimen145
\bibitemsep=\skip155
\indexcolsep=\skip156
\indexrule=\skip157
\indexmarkstyle=\toks20
\@indexbox=\insert199
\glossarycolsep=\dimen146
\glossaryrule=\dimen147
\sideparvshift=\skip158
\sideins=\insert198
\sidebartopsep=\skip159
\sidebarhsep=\skip160
\sidebarvsep=\skip161
\sidebarwidth=\skip162
\footmarkwidth=\skip163
\footmarksep=\skip164
\footparindent=\skip165
\footinsdim=\skip166
\footinsv@r=\insert197
\@mpfootinsv@r=\insert196
\m@m@k=\count114
\m@m@h=\dimen148
\m@mipn@skip=\skip167
\sidefootins=\insert195
\sidefootadjust=\skip168
\sidefootheight=\skip169
\sidefoothsep=\skip170
\sidefootvsep=\skip171
\sidefootwidth=\skip172
\m@mdownsf=\skip173
\c@sidefootnote=\count115
\sidefootmarkwidth=\skip174
\sidefootmarksep=\skip175
\sidefootparindent=\skip176
\c@pagenote=\count116
\c@pagenoteshadow=\count117
\mem@pn@lastkern=\skip177
\every@verbatim=\toks21
\afterevery@verbatim=\toks22
\verbatim@line=\toks23
\tab@position=\count118
\verbatim@in@stream=\read1
\verbatimindent=\skip178
\verbatim@out=\write3
\bvboxsep=\skip179
\c@memfbvline=\count119
\c@bvlinectr=\count120
\bvnumlength=\skip180
\fb@frw=\dimen149
\fb@frh=\dimen150
\FrameRule=\dimen151
\FrameSep=\dimen152
\c@cp@cntr=\count121
LaTeX Info: Redefining \: on input line 12068.
LaTeX Info: Redefining \! on input line 12070.
\c@ism@mctr=\count122
\c@xsm@mctr=\count123
\c@csm@mctr=\count124
\c@ksm@mctr=\count125
\c@xksm@mctr=\count126
\c@cksm@mctr=\count127
\c@msm@mctr=\count128
\c@xmsm@mctr=\count129
\c@cmsm@mctr=\count130
\c@bsm@mctr=\count131
\c@workm@mctr=\count132
\c@sheetsequence=\count133
\c@lastsheet=\count134
\c@lastpage=\count135
\c@figure=\count136
\c@lofdepth=\count137
\cftbeforefigureskip=\skip181
\cftfigureindent=\skip182
\cftfigurenumwidth=\skip183
\c@table=\count138
\c@lotdepth=\count139
\cftbeforetableskip=\skip184
\cfttableindent=\skip185
\cfttablenumwidth=\skip186
Package abstract [2008/07/23] emulated by memoir.
Package appendix [2008/07/23] emulated by memoir.
Package array [2008/09/09] emulated by memoir.
Package booktabs [2016/05/16] emulated by memoir.
Package ccaption [2008/07/23] emulated by memoir.
Package changepage [2008/07/23] emulated by memoir.
Package chngcntr [2008/07/23] emulated by memoir.
Package chngpage [2008/07/23] emulated by memoir.
Package crop emulated by memoir.
Package dcolumn [2008/07/23] emulated by memoir.
Package delarray [2008/07/23] emulated by memoir.
Package enumerate [2008/07/23] emulated by memoir.
Package epigraph [2008/07/23] emulated by memoir.
Package ifmtarg [2008/07/23] emulated by memoir.
Package index [2008/07/23] emulated by memoir.
Package makeidx [2008/07/23] emulated by memoir.
Package moreverb [2008/07/23] emulated by memoir.
Package mparhack [2008/07/23] emulated by memoir.
Package needspace [2008/07/23] emulated by memoir.
Package newfile [2008/07/23] emulated by memoir.
Package nextpage [2008/07/23] emulated by memoir.
Package pagenote [2008/07/23] emulated by memoir.
Package parskip [2008/07/23] emulated by memoir.
Package patchcmd [2008/07/23] emulated by memoir.
Package setspace [2008/07/23] emulated by memoir.
Package shortvrb [2008/07/23] emulated by memoir.
Package showidx [2008/07/23] emulated by memoir.
Package tabularx [2008/07/23] emulated by memoir.
Package titleref [2008/07/23] emulated by memoir.
Package titling [2008/07/23] emulated by memoir.
Package tocbibind [2008/07/23] emulated by memoir.
Package tocloft [2008/07/23] emulated by memoir.
Package tocvsec2 [2008/07/23] emulated by memoir.
Package verbatim [2008/07/23] emulated by memoir.
Package verse [2008/07/23] emulated by memoir.

(/usr/local/texlive/2016/texmf-dist/tex/latex/memoir/mempatch.sty
Package: mempatch 2009/07/24 v6.0f Patches for memoir class v1.6180339
))

******************************************************
Stock height and width: 845.04684pt by 597.50787pt
Top and edge trims: 0pt and 0pt
Page height and width: 845.04684pt by 597.50787pt
Text height and width: 660.10394pt by 441pt
Spine and edge margins: 85.35826pt and 71.13188pt
Upper and lower margins: 99.58464pt and 85.35826pt
Headheight and headsep: 14.5pt and 28.17914pt
Footskip: 28.45274pt
Columnsep and columnseprule: 10pt and 0pt
Marginparsep and marginparwidth: 7pt and 57.13188pt
Sidecapsep and sidecapwidth: 7pt and 92pt
Sidebarhsep and sidebarwidth: 7pt and 92pt
Sidebarvsep and sidebartopsep: 14.5pt and 0pt
Sidebarheight: 590.14995pt
Sidefoothsep and sidefootwidth: 7pt and 92pt
Sidefootvsep and sidefootheight: 14.5pt and 590.14995pt
******************************************************

\c@ppgcc@fc@frontpages=\count140
\ppgcc@l@fc@width=\skip187
\ppgcc@l@fc@seccolwidth=\skip188
\ppgcc@l@fc@firstcolwidth=\skip189
\c@ppgcc@c@abstract=\count141
\c@ppgcc@c@dedication=\count142
\c@ppgcc@c@ack=\count143
\ppgcc@captionwidth=\skip190
) (/usr/local/texlive/2016/texmf-dist/tex/generic/babel/babel.sty
Package: babel 2016/04/23 3.9r The Babel package

(/usr/local/texlive/2016/texmf-dist/tex/generic/babel-english/english.ldf
Language: english 2012/08/20 v3.3p English support from the babel system

(/usr/local/texlive/2016/texmf-dist/tex/generic/babel/babel.def
File: babel.def 2016/04/23 3.9r Babel common definitions
\babel@savecnt=\count144
\U@D=\dimen153
)
\l@canadian = a dialect from \language\l@american 
\l@australian = a dialect from \language\l@british 
\l@newzealand = a dialect from \language\l@british 
))
(/usr/local/texlive/2016/texmf-dist/tex/latex/base/inputenc.sty
Package: inputenc 2015/03/17 v1.2c Input encoding file
\inpenc@prehook=\toks24
\inpenc@posthook=\toks25

(/usr/local/texlive/2016/texmf-dist/tex/latex/ucs/utf8x.def
File: utf8x.def 2004/10/17 UCS: Input encoding UTF-8
))
(/usr/local/texlive/2016/texmf-dist/tex/latex/ucs/ucs.sty
Package: ucs 2013/05/11 v2.2 UCS: Unicode input support

(/usr/local/texlive/2016/texmf-dist/tex/latex/ucs/data/uni-global.def
File: uni-global.def 2013/05/13 UCS: Unicode global data
)
\uc@secondtry=\count145
\uc@combtoks=\toks26
\uc@combtoksb=\toks27
\uc@temptokena=\toks28
)
(/usr/local/texlive/2016/texmf-dist/tex/latex/base/fontenc.sty
Package: fontenc 2005/09/27 v1.99g Standard LaTeX package

(/usr/local/texlive/2016/texmf-dist/tex/latex/base/t1enc.def
File: t1enc.def 2005/09/27 v1.99g Standard LaTeX file
LaTeX Font Info:    Redeclaring font encoding T1 on input line 48.
))
(/usr/local/texlive/2016/texmf-dist/tex/latex/cm-super/type1ec.sty
Package: type1ec 2002/09/07 v1.1 Type1 EC font definitions (for CM-Super fonts)


(/usr/local/texlive/2016/texmf-dist/tex/latex/base/t1cmr.fd
File: t1cmr.fd 2014/09/29 v2.5h Standard LaTeX font definitions
))
(/usr/local/texlive/2016/texmf-dist/tex/latex/graphics/graphicx.sty
Package: graphicx 2014/10/28 v1.0g Enhanced LaTeX Graphics (DPC,SPQR)

(/usr/local/texlive/2016/texmf-dist/tex/latex/graphics/graphics.sty
Package: graphics 2016/05/09 v1.0r Standard LaTeX Graphics (DPC,SPQR)

(/usr/local/texlive/2016/texmf-dist/tex/latex/graphics/trig.sty
Package: trig 2016/01/03 v1.10 sin cos tan (DPC)
)
(/usr/local/texlive/2016/texmf-dist/tex/latex/graphics-cfg/graphics.cfg
File: graphics.cfg 2016/01/02 v1.10 sample graphics configuration
)
Package graphics Info: Driver file: pdftex.def on input line 96.

(/usr/local/texlive/2016/texmf-dist/tex/latex/pdftex-def/pdftex.def
File: pdftex.def 2011/05/27 v0.06d Graphics/color for pdfTeX

(/usr/local/texlive/2016/texmf-dist/tex/generic/oberdiek/infwarerr.sty
Package: infwarerr 2016/05/16 v1.4 Providing info/warning/error messages (HO)
)
(/usr/local/texlive/2016/texmf-dist/tex/generic/oberdiek/ltxcmds.sty
Package: ltxcmds 2016/05/16 v1.23 LaTeX kernel commands for general use (HO)
)
\Gread@gobject=\count146
))
\Gin@req@height=\dimen154
\Gin@req@width=\dimen155
)
(/usr/local/texlive/2016/texmf-dist/tex/latex/hyperref/hyperref.sty
Package: hyperref 2016/05/05 v6.83n Hypertext links for LaTeX

(/usr/local/texlive/2016/texmf-dist/tex/generic/oberdiek/hobsub-hyperref.sty
Package: hobsub-hyperref 2016/05/16 v1.14 Bundle oberdiek, subset hyperref (HO)


(/usr/local/texlive/2016/texmf-dist/tex/generic/oberdiek/hobsub-generic.sty
Package: hobsub-generic 2016/05/16 v1.14 Bundle oberdiek, subset generic (HO)
Package: hobsub 2016/05/16 v1.14 Construct package bundles (HO)
Package hobsub Info: Skipping package `infwarerr' (already loaded).
Package hobsub Info: Skipping package `ltxcmds' (already loaded).
Package hobsub Info: Skipping package `ifluatex' (already loaded).
Package: ifvtex 2016/05/16 v1.6 Detect VTeX and its facilities (HO)
Package ifvtex Info: VTeX not detected.
Package: intcalc 2016/05/16 v1.2 Expandable calculations with integers (HO)
Package hobsub Info: Skipping package `ifpdf' (already loaded).
Package: etexcmds 2016/05/16 v1.6 Avoid name clashes with e-TeX commands (HO)
Package etexcmds Info: Could not find \expanded.
(etexcmds)             That can mean that you are not using pdfTeX 1.50 or
(etexcmds)             that some package has redefined \expanded.
(etexcmds)             In the latter case, load this package earlier.
Package: kvsetkeys 2016/05/16 v1.17 Key value parser (HO)
Package: kvdefinekeys 2016/05/16 v1.4 Define keys (HO)
Package: pdftexcmds 2016/05/10 v0.21 Utility functions of pdfTeX for LuaTeX (HO
)
Package pdftexcmds Info: LuaTeX not detected.
Package pdftexcmds Info: \pdf@primitive is available.
Package pdftexcmds Info: \pdf@ifprimitive is available.
Package pdftexcmds Info: \pdfdraftmode found.
Package: pdfescape 2016/05/16 v1.14 Implements pdfTeX's escape features (HO)
Package: bigintcalc 2016/05/16 v1.4 Expandable calculations on big integers (HO
)
Package: bitset 2016/05/16 v1.2 Handle bit-vector datatype (HO)
Package: uniquecounter 2016/05/16 v1.3 Provide unlimited unique counter (HO)
)
Package hobsub Info: Skipping package `hobsub' (already loaded).
Package hobsub Info: Skipping package `letltxmacro' (already loaded).
Package: hopatch 2016/05/16 v1.3 Wrapper for package hooks (HO)
Package: xcolor-patch 2016/05/16 xcolor patch
Package: atveryend 2016/05/16 v1.9 Hooks at the very end of document (HO)
Package: atbegshi 2016/05/16 v1.17 At begin shipout hook (HO)
Package: refcount 2016/05/16 v3.5 Data extraction from label references (HO)
Package: hycolor 2016/05/16 v1.8 Color options for hyperref/bookmark (HO)
)
(/usr/local/texlive/2016/texmf-dist/tex/latex/oberdiek/auxhook.sty
Package: auxhook 2016/05/16 v1.4 Hooks for auxiliary files (HO)
)
(/usr/local/texlive/2016/texmf-dist/tex/latex/oberdiek/kvoptions.sty
Package: kvoptions 2016/05/16 v3.12 Key value format for package options (HO)
)
\@linkdim=\dimen156
\Hy@linkcounter=\count147
\Hy@pagecounter=\count148

(/usr/local/texlive/2016/texmf-dist/tex/latex/hyperref/pd1enc.def
File: pd1enc.def 2016/05/05 v6.83n Hyperref: PDFDocEncoding definition (HO)
)
\Hy@SavedSpaceFactor=\count149

(/usr/local/texlive/2016/texmf-dist/tex/latex/latexconfig/hyperref.cfg
File: hyperref.cfg 2002/06/06 v1.2 hyperref configuration of TeXLive
)

Package hyperref Warning: Option `a4paper' is no longer used.

Package hyperref Info: Option `bookmarks' set `true' on input line 4322.
Package hyperref Info: Option `bookmarksnumbered' set `true' on input line 4322
.
Package hyperref Info: Option `linktocpage' set `true' on input line 4322.
Package hyperref Info: Option `colorlinks' set `true' on input line 4322.
Package hyperref Info: Hyper figures OFF on input line 4446.
Package hyperref Info: Link nesting OFF on input line 4451.
Package hyperref Info: Hyper index ON on input line 4454.
Package hyperref Info: Plain pages OFF on input line 4461.
Package hyperref Info: Backreferencing OFF on input line 4466.
Package hyperref Info: Implicit mode ON; LaTeX internals redefined.
Package hyperref Info: Bookmarks ON on input line 4691.
\c@Hy@tempcnt=\count150
(/usr/local/texlive/2016/texmf-dist/tex/latex/url/url.sty
\Urlmuskip=\muskip10
Package: url 2013/09/16  ver 3.4  Verb mode for urls, etc.
)
LaTeX Info: Redefining \url on input line 5044.
\XeTeXLinkMargin=\dimen157
\Fld@menulength=\count151
\Field@Width=\dimen158
\Fld@charsize=\dimen159
Package hyperref Info: Hyper figures OFF on input line 6298.
Package hyperref Info: Link nesting OFF on input line 6303.
Package hyperref Info: Hyper index ON on input line 6306.
Package hyperref Info: backreferencing OFF on input line 6313.
Package hyperref Info: Link coloring ON on input line 6316.
Package hyperref Info: Link coloring with OCG OFF on input line 6323.
Package hyperref Info: PDF/A mode OFF on input line 6328.
LaTeX Info: Redefining \ref on input line 6368.
LaTeX Info: Redefining \pageref on input line 6372.
\Hy@abspage=\count152
\c@Item=\count153
\c@Hfootnote=\count154
)
(/usr/local/texlive/2016/texmf-dist/tex/latex/memoir/memhfixc.sty
Package: memhfixc 2013/05/30 v1.17 nameref/hyperref package fixes for memoir cl
ass
\c@memhycontfloat=\count155
\c@Hpagenote=\count156
)

Package hyperref Message: Driver (autodetected): hpdftex.

(/usr/local/texlive/2016/texmf-dist/tex/latex/hyperref/hpdftex.def
File: hpdftex.def 2016/05/05 v6.83n Hyperref driver for pdfTeX
\Fld@listcount=\count157
\c@bookmark@seq@number=\count158

(/usr/local/texlive/2016/texmf-dist/tex/latex/oberdiek/rerunfilecheck.sty
Package: rerunfilecheck 2016/05/16 v1.8 Rerun checks for auxiliary files (HO)
Package uniquecounter Info: New unique counter `rerunfilecheck' on input line 2
82.
)
\Hy@SectionHShift=\skip191
)
(/usr/local/texlive/2016/texmf-dist/tex/latex/natbib/natbib.sty
Package: natbib 2010/09/13 8.31b (PWD, AO)
\bibhang=\skip192
\bibsep=\skip193
LaTeX Info: Redefining \cite on input line 694.
\c@NAT@ctr=\count159
)
(/usr/local/texlive/2016/texmf-dist/tex/latex/scalerel/scalerel.sty
Package: scalerel 2015/02/18 v1.7 Routines for constrained scaling and stretchi
ng of objects, relative to a reference object or in absolute terms

(/usr/local/texlive/2016/texmf-dist/tex/latex/tools/calc.sty
Package: calc 2014/10/28 v4.3 Infix arithmetic (KKT,FJ)
\calc@Acount=\count160
\calc@Bcount=\count161
\calc@Adimen=\dimen160
\calc@Bdimen=\dimen161
\calc@Askip=\skip194
Normal \skip register pool exhausted, switching to extended pool.
\calc@Bskip=\skip256
LaTeX Info: Redefining \setlength on input line 80.
LaTeX Info: Redefining \addtolength on input line 81.
\calc@Ccount=\count162
\calc@Cskip=\skip257
)
\thesrwidth=\skip258
\thesrheight=\skip259
\srblobheight=\skip260
\srblobdepth=\skip261
\mnxsrwidth=\skip262
\prebox=\box30
\LMex=\skip263
\LMpt=\skip264
)
(/usr/local/texlive/2016/texmf-dist/tex/latex/xcolor/xcolor.sty
Package: xcolor 2016/05/11 v2.12 LaTeX color extensions (UK)

(/usr/local/texlive/2016/texmf-dist/tex/latex/graphics-cfg/color.cfg
File: color.cfg 2016/01/02 v1.6 sample color configuration
)
Package xcolor Info: Driver file: pdftex.def on input line 225.
Package xcolor Info: Model `cmy' substituted by `cmy0' on input line 1348.
Package xcolor Info: Model `hsb' substituted by `rgb' on input line 1352.
Package xcolor Info: Model `RGB' extended on input line 1364.
Package xcolor Info: Model `HTML' substituted by `rgb' on input line 1366.
Package xcolor Info: Model `Hsb' substituted by `hsb' on input line 1367.
Package xcolor Info: Model `tHsb' substituted by `hsb' on input line 1368.
Package xcolor Info: Model `HSB' substituted by `hsb' on input line 1369.
Package xcolor Info: Model `Gray' substituted by `gray' on input line 1370.
Package xcolor Info: Model `wave' substituted by `hsb' on input line 1371.

(/usr/local/texlive/2016/texmf-dist/tex/latex/graphics/dvipsnam.def
File: dvipsnam.def 2015/12/30 v3.0k Driver-dependent file (DPC,SPQR)
))
(/usr/local/texlive/2016/texmf-dist/tex/latex/hyperref/nameref.sty
Package: nameref 2012/10/27 v2.43 Cross-referencing by name of section

(/usr/local/texlive/2016/texmf-dist/tex/generic/oberdiek/gettitlestring.sty
Package: gettitlestring 2016/05/16 v1.5 Cleanup title references (HO)
)
\c@section@level=\count163
)
Redoing nameref's sectioning
Redoing nameref's label
LaTeX Info: Redefining \nameref on input line 25.
(/usr/local/texlive/2016/texmf-dist/tex/latex/amsmath/amsmath.sty
Package: amsmath 2016/03/10 v2.15b AMS math features
\@mathmargin=\skip265

For additional information on amsmath, use the `?' option.
(/usr/local/texlive/2016/texmf-dist/tex/latex/amsmath/amstext.sty
Package: amstext 2000/06/29 v2.01 AMS text

(/usr/local/texlive/2016/texmf-dist/tex/latex/amsmath/amsgen.sty
File: amsgen.sty 1999/11/30 v2.0 generic functions
\@emptytoks=\toks29
\ex@=\dimen162
))
(/usr/local/texlive/2016/texmf-dist/tex/latex/amsmath/amsbsy.sty
Package: amsbsy 1999/11/29 v1.2d Bold Symbols
\pmbraise@=\dimen163
)
(/usr/local/texlive/2016/texmf-dist/tex/latex/amsmath/amsopn.sty
Package: amsopn 2016/03/08 v2.02 operator names
)
\inf@bad=\count164
LaTeX Info: Redefining \frac on input line 199.
\uproot@=\count165
\leftroot@=\count166
LaTeX Info: Redefining \overline on input line 297.
\classnum@=\count167
\DOTSCASE@=\count168
LaTeX Info: Redefining \ldots on input line 394.
LaTeX Info: Redefining \dots on input line 397.
LaTeX Info: Redefining \cdots on input line 518.
\Mathstrutbox@=\box31
\strutbox@=\box32
\big@size=\dimen164
LaTeX Font Info:    Redeclaring font encoding OML on input line 634.
LaTeX Font Info:    Redeclaring font encoding OMS on input line 635.
\macc@depth=\count169
\c@MaxMatrixCols=\count170
\dotsspace@=\muskip11
\c@parentequation=\count171
\dspbrk@lvl=\count172
\tag@help=\toks30
\row@=\count173
\column@=\count174
\maxfields@=\count175
\andhelp@=\toks31
\eqnshift@=\dimen165
\alignsep@=\dimen166
\tagshift@=\dimen167
\tagwidth@=\dimen168
\totwidth@=\dimen169
\lineht@=\dimen170
\@envbody=\toks32
\multlinegap=\skip266
\multlinetaggap=\skip267
\mathdisplay@stack=\toks33
LaTeX Info: Redefining \[ on input line 2739.
LaTeX Info: Redefining \] on input line 2740.
)
(/usr/local/texlive/2016/texmf-dist/tex/latex/amsfonts/amssymb.sty
Package: amssymb 2013/01/14 v3.01 AMS font symbols

(/usr/local/texlive/2016/texmf-dist/tex/latex/amsfonts/amsfonts.sty
Package: amsfonts 2013/01/14 v3.01 Basic AMSFonts support
\symAMSa=\mathgroup4
\symAMSb=\mathgroup5
LaTeX Font Info:    Overwriting math alphabet `\mathfrak' in version `bold'
(Font)                  U/euf/m/n --> U/euf/b/n on input line 106.
))
(/usr/local/texlive/2016/texmf-dist/tex/latex/lm/lmodern.sty
Package: lmodern 2009/10/30 v1.6 Latin Modern Fonts
LaTeX Font Info:    Overwriting symbol font `operators' in version `normal'
(Font)                  OT1/cmr/m/n --> OT1/lmr/m/n on input line 22.
LaTeX Font Info:    Overwriting symbol font `letters' in version `normal'
(Font)                  OML/cmm/m/it --> OML/lmm/m/it on input line 23.
LaTeX Font Info:    Overwriting symbol font `symbols' in version `normal'
(Font)                  OMS/cmsy/m/n --> OMS/lmsy/m/n on input line 24.
LaTeX Font Info:    Overwriting symbol font `largesymbols' in version `normal'
(Font)                  OMX/cmex/m/n --> OMX/lmex/m/n on input line 25.
LaTeX Font Info:    Overwriting symbol font `operators' in version `bold'
(Font)                  OT1/cmr/bx/n --> OT1/lmr/bx/n on input line 26.
LaTeX Font Info:    Overwriting symbol font `letters' in version `bold'
(Font)                  OML/cmm/b/it --> OML/lmm/b/it on input line 27.
LaTeX Font Info:    Overwriting symbol font `symbols' in version `bold'
(Font)                  OMS/cmsy/b/n --> OMS/lmsy/b/n on input line 28.
LaTeX Font Info:    Overwriting symbol font `largesymbols' in version `bold'
(Font)                  OMX/cmex/m/n --> OMX/lmex/m/n on input line 29.
LaTeX Font Info:    Overwriting math alphabet `\mathbf' in version `normal'
(Font)                  OT1/cmr/bx/n --> OT1/lmr/bx/n on input line 31.
LaTeX Font Info:    Overwriting math alphabet `\mathsf' in version `normal'
(Font)                  OT1/cmss/m/n --> OT1/lmss/m/n on input line 32.
LaTeX Font Info:    Overwriting math alphabet `\mathit' in version `normal'
(Font)                  OT1/cmr/m/it --> OT1/lmr/m/it on input line 33.
LaTeX Font Info:    Overwriting math alphabet `\mathtt' in version `normal'
(Font)                  OT1/cmtt/m/n --> OT1/lmtt/m/n on input line 34.
LaTeX Font Info:    Overwriting math alphabet `\mathbf' in version `bold'
(Font)                  OT1/cmr/bx/n --> OT1/lmr/bx/n on input line 35.
LaTeX Font Info:    Overwriting math alphabet `\mathsf' in version `bold'
(Font)                  OT1/cmss/bx/n --> OT1/lmss/bx/n on input line 36.
LaTeX Font Info:    Overwriting math alphabet `\mathit' in version `bold'
(Font)                  OT1/cmr/bx/it --> OT1/lmr/bx/it on input line 37.
LaTeX Font Info:    Overwriting math alphabet `\mathtt' in version `bold'
(Font)                  OT1/cmtt/m/n --> OT1/lmtt/m/n on input line 38.
)
(/usr/local/texlive/2016/texmf-dist/tex/latex/multirow/multirow.sty
\bigstrutjot=\dimen171
)
\@input{definitions.aux}
\openout2 = `definitions.aux'.

(./definitions.tex
\c@thm=\count176
\c@asp=\count177
\c@defin=\count178
\c@prop=\count179
\c@rem=\count180
\c@alg=\count181
\c@conj=\count182
) (./dissertation.aux)
\openout1 = `dissertation.aux'.

LaTeX Font Info:    Checking defaults for OML/cmm/m/it on input line 35.
LaTeX Font Info:    ... okay on input line 35.
LaTeX Font Info:    Checking defaults for T1/cmr/m/n on input line 35.
LaTeX Font Info:    ... okay on input line 35.
LaTeX Font Info:    Checking defaults for OT1/cmr/m/n on input line 35.
LaTeX Font Info:    ... okay on input line 35.
LaTeX Font Info:    Checking defaults for OMS/cmsy/m/n on input line 35.
LaTeX Font Info:    ... okay on input line 35.
LaTeX Font Info:    Checking defaults for OMX/cmex/m/n on input line 35.
LaTeX Font Info:    ... okay on input line 35.
LaTeX Font Info:    Checking defaults for U/cmr/m/n on input line 35.
LaTeX Font Info:    ... okay on input line 35.
LaTeX Font Info:    Checking defaults for PD1/pdf/m/n on input line 35.
LaTeX Font Info:    ... okay on input line 35.
LaTeX Font Info:    Try loading font information for T1+lmr on input line 35.

(/usr/local/texlive/2016/texmf-dist/tex/latex/lm/t1lmr.fd
File: t1lmr.fd 2009/10/30 v1.6 Font defs for Latin Modern
)
(/usr/local/texlive/2016/texmf-dist/tex/latex/ucs/ucsencs.def
File: ucsencs.def 2011/01/21 Fixes to fontencodings LGR, T3
)
(/usr/local/texlive/2016/texmf-dist/tex/context/base/mkii/supp-pdf.mkii
[Loading MPS to PDF converter (version 2006.09.02).]
\scratchcounter=\count183
\scratchdimen=\dimen172
\scratchbox=\box33
\nofMPsegments=\count184
\nofMParguments=\count185
\everyMPshowfont=\toks34
\MPscratchCnt=\count186
\MPscratchDim=\dimen173
\MPnumerator=\count187
\makeMPintoPDFobject=\count188
\everyMPtoPDFconversion=\toks35
) (/usr/local/texlive/2016/texmf-dist/tex/latex/oberdiek/epstopdf-base.sty
Package: epstopdf-base 2016/05/15 v2.6 Base part for package epstopdf

(/usr/local/texlive/2016/texmf-dist/tex/latex/oberdiek/grfext.sty
Package: grfext 2016/05/16 v1.2 Manage graphics extensions (HO)
)
Package grfext Info: Graphics extension search list:
(grfext)             [.png,.pdf,.jpg,.mps,.jpeg,.jbig2,.jb2,.PNG,.PDF,.JPG,.JPE
G,.JBIG2,.JB2,.eps]
(grfext)             \AppendGraphicsExtensions on input line 456.

(/usr/local/texlive/2016/texmf-dist/tex/latex/latexconfig/epstopdf-sys.cfg
File: epstopdf-sys.cfg 2010/07/13 v1.3 Configuration of (r)epstopdf for TeX Liv
e
))
\AtBeginShipoutBox=\box34
Package hyperref Info: Link coloring ON on input line 35.
LaTeX Info: Redefining \ref on input line 35.
LaTeX Info: Redefining \pageref on input line 35.
LaTeX Info: Redefining \nameref on input line 35.

(./dissertation.out) (./dissertation.out)
\@outlinefile=\write4
\openout4 = `dissertation.out'.


(/usr/local/texlive/2016/texmf-dist/tex/latex/ucs/data/uni-0.def
File: uni-0.def 2013/05/13 UCS: Unicode data U+0000..U+00FF
)
LaTeX Font Info:    Try loading font information for OT1+lmr on input line 70.

(/usr/local/texlive/2016/texmf-dist/tex/latex/lm/ot1lmr.fd
File: ot1lmr.fd 2009/10/30 v1.6 Font defs for Latin Modern
)
LaTeX Font Info:    Try loading font information for OML+lmm on input line 70.

(/usr/local/texlive/2016/texmf-dist/tex/latex/lm/omllmm.fd
File: omllmm.fd 2009/10/30 v1.6 Font defs for Latin Modern
)
LaTeX Font Info:    Try loading font information for OMS+lmsy on input line 70.


(/usr/local/texlive/2016/texmf-dist/tex/latex/lm/omslmsy.fd
File: omslmsy.fd 2009/10/30 v1.6 Font defs for Latin Modern
)
LaTeX Font Info:    Try loading font information for OMX+lmex on input line 70.


(/usr/local/texlive/2016/texmf-dist/tex/latex/lm/omxlmex.fd
File: omxlmex.fd 2009/10/30 v1.6 Font defs for Latin Modern
)
LaTeX Font Info:    External font `lmex10' loaded for size
(Font)              <12> on input line 70.
LaTeX Font Info:    External font `lmex10' loaded for size
(Font)              <8> on input line 70.
LaTeX Font Info:    External font `lmex10' loaded for size
(Font)              <6> on input line 70.
LaTeX Font Info:    Try loading font information for U+msa on input line 70.

(/usr/local/texlive/2016/texmf-dist/tex/latex/amsfonts/umsa.fd
File: umsa.fd 2013/01/14 v3.01 AMS symbols A
)
LaTeX Font Info:    Try loading font information for U+msb on input line 70.

(/usr/local/texlive/2016/texmf-dist/tex/latex/amsfonts/umsb.fd
File: umsb.fd 2013/01/14 v3.01 AMS symbols B
) [1





{/usr/local/texlive/2016/texmf-var/fonts/map/pdftex/updmap/pdftex.map}] [2


] [3] [4


]
Underfull \hbox (badness 1424) in paragraph at lines 70--70
[]\T1/lmr/m/n/12 Dissertation pre-sented to the Grad-u-ate
 []


Underfull \hbox (badness 1424) in paragraph at lines 70--70
[]\T1/lmr/m/n/12 Dissertation pre-sented to the Grad-u-ate
 []

[5]

Class ppgccufmg Warning: Para a montagem da Ficha Catalografica e' necessario
(ppgccufmg)              definir o código ``cutter'' (chave `cutter'
(ppgccufmg)              ou comando \cutter ) on input line 70.


Class ppgccufmg Warning: Para a montagem da Ficha Catalografica e' necessario
(ppgccufmg)              definir o código CDU (chave `cdu'
(ppgccufmg)              ou comando \cdu ) on input line 70.

LaTeX Font Info:    Try loading font information for OMS+lmr on input line 70.
(/usr/local/texlive/2016/texmf-dist/tex/latex/lm/omslmr.fd
File: omslmr.fd 2009/10/30 v1.6 Font defs for Latin Modern
)
LaTeX Font Info:    Font shape `OMS/lmr/m/n' in size <12> not available
(Font)              Font shape `OMS/lmsy/m/n' tried instead on input line 70.
 [6


]
LaTeX Font Info:    Try loading font information for T1+lmtt on input line 70.

(/usr/local/texlive/2016/texmf-dist/tex/latex/lm/t1lmtt.fd
File: t1lmtt.fd 2009/10/30 v1.6 Font defs for Latin Modern
) [7



] [8


]
(./dedication.tex) [9] [10


]
LaTeX Font Info:    Try loading font information for T1+lmss on input line 70.

(/usr/local/texlive/2016/texmf-dist/tex/latex/lm/t1lmss.fd
File: t1lmss.fd 2009/10/30 v1.6 Font defs for Latin Modern
)
(./acknowledgements.tex) [11] [12


] [13] [14


]

Class ppgccufmg Warning: Linguagem nao definida: 
 Adotando a linguagem padrao `brazil'.
 on input line 70.

(./resumo.tex) [15

] [16


] (./abstract.tex) [17

] [18


] (./dissertation.lof)
Underfull \vbox (badness 10000) has occurred while \output is active []

 [19]
[20] (./dissertation.lot
Underfull \vbox (badness 10000) has occurred while \output is active []

 [21


])
[22] (./dissertation.toc [23


]) [24]
LaTeX Font Info:    External font `lmex10' loaded for size
(Font)              <10> on input line 90.
LaTeX Font Info:    External font `lmex10' loaded for size
(Font)              <7> on input line 90.
LaTeX Font Info:    External font `lmex10' loaded for size
(Font)              <5> on input line 90.
 [1




] [2] [3] [4] [5] [6

] [7]
(/usr/local/texlive/2016/texmf-dist/tex/latex/ucs/data/uni-32.def
File: uni-32.def 2013/05/13 UCS: Unicode data U+2000..U+20FF
) [8] [9]
[10]
* ppgccufmg: Pelo menos uma ilustracao encontrada.
<fig/overview-line.png, id=655, 363.69995pt x 42.80524pt>
File: fig/overview-line.png Graphic file (type png)

<use fig/overview-line.png>
Package pdftex.def Info: fig/overview-line.png used on input line 252.
(pdftex.def)             Requested size: 308.69865pt x 36.33301pt.
 [11

 <./fig/overview-line.png>] [12] [13]
<fig/bhrscore-w3.png, id=697, 227.79504pt x 284.7438pt>
File: fig/bhrscore-w3.png Graphic file (type png)

<use fig/bhrscore-w3.png>
Package pdftex.def Info: fig/bhrscore-w3.png used on input line 344.
(pdftex.def)             Requested size: 147.95424pt x 184.95093pt.


LaTeX Warning: `h' float specifier changed to `ht'.

[14] [15 <./fig/bhrscore-w3.png>] [16] [17]
Underfull \vbox (badness 1048) has occurred while \output is active []

 [18]
[19] [20] [21

] [22]
LaTeX Font Info:    External font `lmex10' loaded for size
(Font)              <10.95> on input line 540.
 [23] [24]
Package epstopdf Info: Source file: <fig/ir-prec-recall.eps>
(epstopdf)                    date: 2017-04-30 21:58:46
(epstopdf)                    size: 30407 bytes
(epstopdf)             Output file: <fig/ir-prec-recall-eps-converted-to.pdf>
(epstopdf)                    date: 2017-05-07 14:02:42
(epstopdf)                    size: 21005 bytes
(epstopdf)             Command: <repstopdf --outfile=fig/ir-prec-recall-eps-con
verted-to.pdf fig/ir-prec-recall.eps>
(epstopdf)             \includegraphics on input line 632.
Package epstopdf Info: Output file is already uptodate.

<fig/ir-prec-recall-eps-converted-to.pdf, id=824, 433.62pt x 289.08pt>
File: fig/ir-prec-recall-eps-converted-to.pdf Graphic file (type pdf)

<use fig/ir-prec-recall-eps-converted-to.pdf>
Package pdftex.def Info: fig/ir-prec-recall-eps-converted-to.pdf used on input 
line 632.
(pdftex.def)             Requested size: 352.80135pt x 235.21214pt.
Package epstopdf Info: Source file: <fig/db-prec-recall.eps>
(epstopdf)                    date: 2017-04-30 21:58:46
(epstopdf)                    size: 30275 bytes
(epstopdf)             Output file: <fig/db-prec-recall-eps-converted-to.pdf>
(epstopdf)                    date: 2017-05-07 14:02:42
(epstopdf)                    size: 21444 bytes
(epstopdf)             Command: <repstopdf --outfile=fig/db-prec-recall-eps-con
verted-to.pdf fig/db-prec-recall.eps>
(epstopdf)             \includegraphics on input line 639.
Package epstopdf Info: Output file is already uptodate.

<fig/db-prec-recall-eps-converted-to.pdf, id=825, 433.62pt x 289.08pt>
File: fig/db-prec-recall-eps-converted-to.pdf Graphic file (type pdf)

<use fig/db-prec-recall-eps-converted-to.pdf>
Package pdftex.def Info: fig/db-prec-recall-eps-converted-to.pdf used on input 
line 639.
(pdftex.def)             Requested size: 352.80135pt x 235.21214pt.
Package epstopdf Info: Source file: <fig/dm-prec-recall.eps>
(epstopdf)                    date: 2017-04-30 21:58:46
(epstopdf)                    size: 30597 bytes
(epstopdf)             Output file: <fig/dm-prec-recall-eps-converted-to.pdf>
(epstopdf)                    date: 2017-05-07 14:02:43
(epstopdf)                    size: 21607 bytes
(epstopdf)             Command: <repstopdf --outfile=fig/dm-prec-recall-eps-con
verted-to.pdf fig/dm-prec-recall.eps>
(epstopdf)             \includegraphics on input line 640.
Package epstopdf Info: Output file is already uptodate.

<fig/dm-prec-recall-eps-converted-to.pdf, id=826, 433.62pt x 289.08pt>
File: fig/dm-prec-recall-eps-converted-to.pdf Graphic file (type pdf)

<use fig/dm-prec-recall-eps-converted-to.pdf>
Package pdftex.def Info: fig/dm-prec-recall-eps-converted-to.pdf used on input 
line 640.
(pdftex.def)             Requested size: 352.80135pt x 235.21214pt.
 [25

]
Package epstopdf Info: Source file: <fig/ir-norm-venues-blob.eps>
(epstopdf)                    date: 2017-06-21 15:19:58
(epstopdf)                    size: 13789 bytes
(epstopdf)             Output file: <fig/ir-norm-venues-blob-eps-converted-to.p
df>
(epstopdf)                    date: 2017-06-21 15:20:18
(epstopdf)                    size: 6258 bytes
(epstopdf)             Command: <repstopdf --outfile=fig/ir-norm-venues-blob-ep
s-converted-to.pdf fig/ir-norm-venues-blob.eps>
(epstopdf)             \includegraphics on input line 693.
Package epstopdf Info: Output file is already uptodate.

<fig/ir-norm-venues-blob-eps-converted-to.pdf, id=840, 133.49875pt x 244.915pt>
File: fig/ir-norm-venues-blob-eps-converted-to.pdf Graphic file (type pdf)
<use fig/ir-norm-venues-blob-eps-converted-to.pdf>
Package pdftex.def Info: fig/ir-norm-venues-blob-eps-converted-to.pdf used on i
nput line 693.
(pdftex.def)             Requested size: 133.4984pt x 244.91438pt.
Package epstopdf Info: Source file: <fig/db-norm-venues-blob.eps>
(epstopdf)                    date: 2017-06-21 15:57:16
(epstopdf)                    size: 13228 bytes
(epstopdf)             Output file: <fig/db-norm-venues-blob-eps-converted-to.p
df>
(epstopdf)                    date: 2017-06-21 15:57:20
(epstopdf)                    size: 6058 bytes
(epstopdf)             Command: <repstopdf --outfile=fig/db-norm-venues-blob-ep
s-converted-to.pdf fig/db-norm-venues-blob.eps>
(epstopdf)             \includegraphics on input line 779.
Package epstopdf Info: Output file is already uptodate.

<fig/db-norm-venues-blob-eps-converted-to.pdf, id=843, 133.49875pt x 244.915pt>
File: fig/db-norm-venues-blob-eps-converted-to.pdf Graphic file (type pdf)
<use fig/db-norm-venues-blob-eps-converted-to.pdf>
Package pdftex.def Info: fig/db-norm-venues-blob-eps-converted-to.pdf used on i
nput line 779.
(pdftex.def)             Requested size: 133.4984pt x 244.91438pt.
Package epstopdf Info: Source file: <fig/dm-norm-venues-blob.eps>
(epstopdf)                    date: 2017-06-21 19:44:26
(epstopdf)                    size: 13003 bytes
(epstopdf)             Output file: <fig/dm-norm-venues-blob-eps-converted-to.p
df>
(epstopdf)                    date: 2017-06-21 19:44:42
(epstopdf)                    size: 5938 bytes
(epstopdf)             Command: <repstopdf --outfile=fig/dm-norm-venues-blob-ep
s-converted-to.pdf fig/dm-norm-venues-blob.eps>
(epstopdf)             \includegraphics on input line 865.
Package epstopdf Info: Output file is already uptodate.

<fig/dm-norm-venues-blob-eps-converted-to.pdf, id=846, 133.49875pt x 244.915pt>
File: fig/dm-norm-venues-blob-eps-converted-to.pdf Graphic file (type pdf)
<use fig/dm-norm-venues-blob-eps-converted-to.pdf>
Package pdftex.def Info: fig/dm-norm-venues-blob-eps-converted-to.pdf used on i
nput line 865.
(pdftex.def)             Requested size: 133.4984pt x 244.91438pt.
 [26 <./fig/ir-prec-recall-eps-converted-to.pdf>] [27 <./fig/db-prec-recall-eps
-converted-to.pdf> <./fig/dm-prec-recall-eps-converted-to.pdf>] [28 <./fig/ir-n
orm-venues-blob-eps-converted-to.pdf>] [29 <./fig/db-norm-venues-blob-eps-conve
rted-to.pdf>] [30 <./fig/dm-norm-venues-blob-eps-converted-to.pdf>] [31] [32]
Package epstopdf Info: Source file: <fig/char_us_research_new.eps>
(epstopdf)                    date: 2017-08-07 15:04:32
(epstopdf)                    size: 220491 bytes
(epstopdf)             Output file: <fig/char_us_research_new-eps-converted-to.
pdf>
(epstopdf)                    date: 2017-08-07 15:22:54
(epstopdf)                    size: 15016 bytes
(epstopdf)             Command: <repstopdf --outfile=fig/char_us_research_new-e
ps-converted-to.pdf fig/char_us_research_new.eps>
(epstopdf)             \includegraphics on input line 1080.
Package epstopdf Info: Output file is already uptodate.

<fig/char_us_research_new-eps-converted-to.pdf, id=1019, 518.93875pt x 403.5075
pt>
File: fig/char_us_research_new-eps-converted-to.pdf Graphic file (type pdf)
 <use fig/char_us_research_new-eps-converted-to.pdf>
Package pdftex.def Info: fig/char_us_research_new-eps-converted-to.pdf used on 
input line 1080.
(pdftex.def)             Requested size: 396.89731pt x 308.62682pt.

Underfull \vbox (badness 2680) has occurred while \output is active []

 [33]
[34 <./fig/char_us_research_new-eps-converted-to.pdf>]
Package epstopdf Info: Source file: <fig/char_br_research_new.eps>
(epstopdf)                    date: 2017-08-07 15:15:00
(epstopdf)                    size: 219201 bytes
(epstopdf)             Output file: <fig/char_br_research_new-eps-converted-to.
pdf>
(epstopdf)                    date: 2017-08-07 15:22:55
(epstopdf)                    size: 14825 bytes
(epstopdf)             Command: <repstopdf --outfile=fig/char_br_research_new-e
ps-converted-to.pdf fig/char_br_research_new.eps>
(epstopdf)             \includegraphics on input line 1101.
Package epstopdf Info: Output file is already uptodate.

<fig/char_br_research_new-eps-converted-to.pdf, id=1047, 512.91624pt x 403.5075
pt>
File: fig/char_br_research_new-eps-converted-to.pdf Graphic file (type pdf)
 <use fig/char_br_research_new-eps-converted-to.pdf>
Package pdftex.def Info: fig/char_br_research_new-eps-converted-to.pdf used on 
input line 1101.
(pdftex.def)             Requested size: 396.89731pt x 312.24098pt.
Package epstopdf Info: Source file: <fig/ir_groups.eps>
(epstopdf)                    date: 2017-06-13 00:30:59
(epstopdf)                    size: 237988 bytes
(epstopdf)             Output file: <fig/ir_groups-eps-converted-to.pdf>
(epstopdf)                    date: 2017-06-13 00:36:07
(epstopdf)                    size: 18728 bytes
(epstopdf)             Command: <repstopdf --outfile=fig/ir_groups-eps-converte
d-to.pdf fig/ir_groups.eps>
(epstopdf)             \includegraphics on input line 1116.
Package epstopdf Info: Output file is already uptodate.

<fig/ir_groups-eps-converted-to.pdf, id=1051, 577.15625pt x 432.61626pt>
File: fig/ir_groups-eps-converted-to.pdf Graphic file (type pdf)

<use fig/ir_groups-eps-converted-to.pdf>
Package pdftex.def Info: fig/ir_groups-eps-converted-to.pdf used on input line 
1116.
(pdftex.def)             Requested size: 441.0pt x 330.5741pt.
 [35 <./fig/char_br_research_new-eps-converted-to.pdf>]
Package epstopdf Info: Source file: <fig/char_br_us_research_new.eps>
(epstopdf)                    date: 2017-08-07 15:17:38
(epstopdf)                    size: 219170 bytes
(epstopdf)             Output file: <fig/char_br_us_research_new-eps-converted-
to.pdf>
(epstopdf)                    date: 2017-08-07 15:22:55
(epstopdf)                    size: 14828 bytes
(epstopdf)             Command: <repstopdf --outfile=fig/char_br_us_research_ne
w-eps-converted-to.pdf fig/char_br_us_research_new.eps>
(epstopdf)             \includegraphics on input line 1129.
Package epstopdf Info: Output file is already uptodate.

<fig/char_br_us_research_new-eps-converted-to.pdf, id=1067, 506.89375pt x 403.5
075pt>
File: fig/char_br_us_research_new-eps-converted-to.pdf Graphic file (type pdf)
 <use fig/char_br_us_research_new-eps-converted-to.pdf>
Package pdftex.def Info: fig/char_br_us_research_new-eps-converted-to.pdf used 
on input line 1129.
(pdftex.def)             Requested size: 396.89731pt x 315.95367pt.

Underfull \vbox (badness 1152) has occurred while \output is active []

 [36 <./fig/ir_groups-eps-converted-to.pdf>] [37 <./fig/char_br_us_research_new
-eps-converted-to.pdf>] [38

] [39] [40] (./dissertation.bbl [41


] [42] [43] [44] [45])
[46] [47



] <fig/infocom.png, id=1147, 1191.45125pt x 881.2925pt>
File: fig/infocom.png Graphic file (type png)

<use fig/infocom.png>
Package pdftex.def Info: fig/infocom.png used on input line 1194.
(pdftex.def)             Requested size: 357.43813pt x 264.38979pt.


LaTeX Warning: `h' float specifier changed to `ht'.

<fig/ton.png, id=1153, 712.6625pt x 615.29875pt>
File: fig/ton.png Graphic file (type png)
 <use fig/ton.png>
Package pdftex.def Info: fig/ton.png used on input line 1205.
(pdftex.def)             Requested size: 356.33038pt x 307.64862pt.


LaTeX Warning: `h' float specifier changed to `ht'.

<fig/cn.png, id=1154, 775.89874pt x 714.67pt>
File: fig/cn.png Graphic file (type png)
 <use fig/cn.png>
Package pdftex.def Info: fig/cn.png used on input line 1212.
(pdftex.def)             Requested size: 349.15121pt x 321.59853pt.


LaTeX Warning: `h' float specifier changed to `ht'.

<fig/sigir.png, id=1155, 528.97626pt x 719.68875pt>
File: fig/sigir.png Graphic file (type png)
 <use fig/sigir.png>
Package pdftex.def Info: fig/sigir.png used on input line 1219.
(pdftex.def)             Requested size: 317.3882pt x 431.81659pt.


LaTeX Warning: `h' float specifier changed to `ht'.

<fig/wsdm.png, id=1156, 824.07875pt x 778.91pt>
File: fig/wsdm.png Graphic file (type png)
 <use fig/wsdm.png>
Package pdftex.def Info: fig/wsdm.png used on input line 1226.
(pdftex.def)             Requested size: 370.83202pt x 350.50627pt.


LaTeX Warning: `h' float specifier changed to `ht'.

[48] [49 <./fig/infocom.png>] [50 <./fig/ton.png>] [51 <./fig/cn.png>] [52 <./f
ig/sigir.png>] [53 <./fig/wsdm.png>] [54

]
LaTeX Font Info:    External font `lmex10' loaded for size
(Font)              <9> on input line 1253.
 [55] [56]

LaTeX Warning: `h' float specifier changed to `ht'.

[57

] [58]
Underfull \hbox (badness 10000) in paragraph at lines 1461--1463

 []

[59

]
\tf@lof=\write5
\openout5 = `dissertation.lof'.

\tf@lot=\write6
\openout6 = `dissertation.lot'.

\tf@toc=\write7
\openout7 = `dissertation.toc'.

Package atveryend Info: Empty hook `BeforeClearDocument' on input line 1466.
Package atveryend Info: Empty hook `AfterLastShipout' on input line 1466.
 (./dissertation.aux)
Package atveryend Info: Executing hook `AtVeryEndDocument' on input line 1466.
Package atveryend Info: Executing hook `AtEndAfterFileList' on input line 1466.

Package rerunfilecheck Info: File `dissertation.out' has not changed.
(rerunfilecheck)             Checksum: 26AF9E11CAAE493FDE0494E276B86D5F;2549.
 )
(\end occurred inside a group at level 1)

### semi simple group (level 1) entered at line 35 (\begingroup)
### bottom level 
Here is how much of TeX's memory you used:
 14358 strings out of 493014
 203988 string characters out of 6133352
 380828 words of memory out of 5000000
 17381 multiletter control sequences out of 15000+600000
 141871 words of font info for 100 fonts, out of 8000000 for 9000
 1142 hyphenation exceptions out of 8191
 32i,20n,35p,1288b,1528s stack positions out of 5000i,500n,10000p,200000b,80000s
{/usr/local/texlive/2016/texmf-dist/fonts/enc/dvips/lm/lm-ec.en
c}{/usr/local/texlive/2016/texmf-dist/fonts/enc/dvips/lm/lm-rm.enc}{/usr/local/
texlive/2016/texmf-dist/fonts/enc/dvips/lm/lm-mathit.enc}{/usr/local/texlive/20
16/texmf-dist/fonts/enc/dvips/lm/lm-mathsy.enc}{/usr/local/texlive/2016/texmf-d
ist/fonts/enc/dvips/lm/lm-mathex.enc}</usr/local/texlive/2016/texmf-dist/fonts/
type1/public/lm/lmbx10.pfb></usr/local/texlive/2016/texmf-dist/fonts/type1/publ
ic/lm/lmbx12.pfb></usr/local/texlive/2016/texmf-dist/fonts/type1/public/lm/lmcs
c10.pfb></usr/local/texlive/2016/texmf-dist/fonts/type1/public/lm/lmex10.pfb></
usr/local/texlive/2016/texmf-dist/fonts/type1/public/lm/lmmi12.pfb></usr/local/
texlive/2016/texmf-dist/fonts/type1/public/lm/lmmi8.pfb></usr/local/texlive/201
6/texmf-dist/fonts/type1/public/lm/lmmib10.pfb></usr/local/texlive/2016/texmf-d
ist/fonts/type1/public/lm/lmr10.pfb></usr/local/texlive/2016/texmf-dist/fonts/t
ype1/public/lm/lmr12.pfb></usr/local/texlive/2016/texmf-dist/fonts/type1/public
/lm/lmr17.pfb></usr/local/texlive/2016/texmf-dist/fonts/type1/public/lm/lmr6.pf
b></usr/local/texlive/2016/texmf-dist/fonts/type1/public/lm/lmr7.pfb></usr/loca
l/texlive/2016/texmf-dist/fonts/type1/public/lm/lmr8.pfb></usr/local/texlive/20
16/texmf-dist/fonts/type1/public/lm/lmr9.pfb></usr/local/texlive/2016/texmf-dis
t/fonts/type1/public/lm/lmri12.pfb></usr/local/texlive/2016/texmf-dist/fonts/ty
pe1/public/lm/lmssbx10.pfb></usr/local/texlive/2016/texmf-dist/fonts/type1/publ
ic/lm/lmsy10.pfb></usr/local/texlive/2016/texmf-dist/fonts/type1/public/lm/lmsy
8.pfb></usr/local/texlive/2016/texmf-dist/fonts/type1/public/lm/lmtt10.pfb></us
r/local/texlive/2016/texmf-dist/fonts/type1/public/lm/lmtt12.pfb></usr/local/te
xlive/2016/texmf-dist/fonts/type1/urw/times/utmb8a.pfb></usr/local/texlive/2016
/texmf-dist/fonts/type1/urw/times/utmr8a.pfb></usr/local/texlive/2016/texmf-dis
t/fonts/type1/urw/times/utmri8a.pfb>
Output written on dissertation.pdf (83 pages, 4485976 bytes).
PDF statistics:
 1342 PDF objects out of 1440 (max. 8388607)
 1100 compressed objects within 11 object streams
 239 named destinations out of 1000 (max. 500000)
 382 words of extra memory for PDF output out of 10000 (max. 10000000)

